<?xml version="1.0" encoding="UTF-8"?>
<testsuite xmlns:xsi="http://www.w3.org/2001/XMLSchema-instance" xsi:noNamespaceSchemaLocation="https://maven.apache.org/surefire/maven-surefire-plugin/xsd/surefire-test-report-3.0.xsd" version="3.0" name="com.emis.intermediario.IntermediarioApplicationTests" time="9.26" tests="1" errors="0" skipped="0" failures="0">
  <properties>
[...]
</properties>
  <testcase name="contextLoads" classname="com.emis.intermediario.IntermediarioApplicationTests" time="0.83">
    <system-out><![CDATA[13:38:43.487 [main] INFO org.springframework.test.context.support.AnnotationConfigContextLoaderUtils -- Could not detect default configuration classes for test class [com.emis.intermediario.IntermediarioApplicationTests]: IntermediarioApplicationTests does not declare any static, non-private, non-final, nested classes annotated with @Configuration.
13:38:43.632 [main] INFO org.springframework.boot.test.context.SpringBootTestContextBootstrapper -- Found @SpringBootConfiguration com.emis.intermediario.IntermediarioApplication for test class com.emis.intermediario.IntermediarioApplicationTests
13:38:43.878 [main] INFO org.springframework.boot.devtools.restart.RestartApplicationListener -- Restart disabled due to context in which it is running

  .   ____          _            __ _ _
 /\\ / ___'_ __ _ _(_)_ __  __ _ \ \ \ \
( ( )\___ | '_ | '_| | '_ \/ _` | \ \ \ \
 \\/  ___)| |_)| | | | | || (_| |  ) ) ) )
  '  |____| .__|_| |_|_| |_\__, | / / / /
 =========|_|==============|___/=/_/_/_/
 :: Spring Boot ::                (v3.1.6)

2024-02-04T13:38:44.675+01:00  INFO 23990 --- [           main] c.e.i.IntermediarioApplicationTests      : Starting IntermediarioApplicationTests using Java 17.0.9 with PID 23990 (started by jussyleitecode in /home/jussyleitecode/Documents/SDP2 Exame/Transacoes-Interbancarias/intermediario)
2024-02-04T13:38:44.692+01:00  INFO 23990 --- [           main] c.e.i.IntermediarioApplicationTests      : No active profile set, falling back to 1 default profile: "default"
2024-02-04T13:38:45.881+01:00  INFO 23990 --- [           main] .s.d.r.c.RepositoryConfigurationDelegate : Bootstrapping Spring Data JPA repositories in DEFAULT mode.
2024-02-04T13:38:45.991+01:00  INFO 23990 --- [           main] .s.d.r.c.RepositoryConfigurationDelegate : Finished Spring Data repository scanning in 95 ms. Found 3 JPA repository interfaces.
2024-02-04T13:38:46.837+01:00  INFO 23990 --- [           main] o.hibernate.jpa.internal.util.LogHelper  : HHH000204: Processing PersistenceUnitInfo [name: default]
2024-02-04T13:38:46.916+01:00  INFO 23990 --- [           main] org.hibernate.Version                    : HHH000412: Hibernate ORM core version 6.2.13.Final
2024-02-04T13:38:46.920+01:00  INFO 23990 --- [           main] org.hibernate.cfg.Environment            : HHH000406: Using bytecode reflection optimizer
2024-02-04T13:38:47.342+01:00  INFO 23990 --- [           main] o.s.o.j.p.SpringPersistenceUnitInfo      : No LoadTimeWeaver setup: ignoring JPA class transformer
2024-02-04T13:38:47.389+01:00  INFO 23990 --- [           main] com.zaxxer.hikari.HikariDataSource       : HikariPool-1 - Starting...
2024-02-04T13:38:47.550+01:00  INFO 23990 --- [           main] com.zaxxer.hikari.pool.HikariPool        : HikariPool-1 - Added connection org.postgresql.jdbc.PgConnection@661e1399
2024-02-04T13:38:47.552+01:00  INFO 23990 --- [           main] com.zaxxer.hikari.HikariDataSource       : HikariPool-1 - Start completed.
2024-02-04T13:38:49.118+01:00  INFO 23990 --- [           main] o.h.e.t.j.p.i.JtaPlatformInitiator       : HHH000489: No JTA platform available (set 'hibernate.transaction.jta.platform' to enable JTA platform integration)
2024-02-04T13:38:49.629+01:00  INFO 23990 --- [           main] j.LocalContainerEntityManagerFactoryBean : Initialized JPA EntityManagerFactory for persistence unit 'default'
2024-02-04T13:38:50.177+01:00  INFO 23990 --- [           main] o.s.d.j.r.query.QueryEnhancerFactory     : Hibernate is in classpath; If applicable, HQL parser will be used.
2024-02-04T13:38:50.475+01:00 ERROR 23990 --- [           main] o.a.catalina.core.AprLifecycleListener   : An incompatible version [1.2.23] of the Apache Tomcat Native library is installed, while Tomcat requires version [1.2.34]
2024-02-04T13:38:50.692+01:00  WARN 23990 --- [           main] JpaBaseConfiguration$JpaWebConfiguration : spring.jpa.open-in-view is enabled by default. Therefore, database queries may be performed during view rendering. Explicitly configure spring.jpa.open-in-view to disable this warning
2024-02-04T13:38:51.718+01:00  INFO 23990 --- [           main] c.e.i.IntermediarioApplicationTests      : Started IntermediarioApplicationTests in 7.865 seconds (process running for 9.509)
]]></system-out>
  </testcase>
</testsuite>